2022-10-26T10:44:38.727Z - error: [main] Error looking for toast activator CLSID in shortcut /home/oddskj/AppData/Roaming/Microsoft/Windows/Start Menu/Programs/GitHub, Inc/GitHub Desktop.lnk
TypeError: i.shell.readShortcutLink is not a function
    at Q (/home/oddskj/webpack:/[name]/app/src/lib/find-toast-activator-clsid.ts:38:29)
    at /home/oddskj/webpack:/[name]/app/src/lib/find-toast-activator-clsid.ts:26:33
    at /home/oddskj/webpack:/[name]/app/src/main-process/notifications.ts:23:32
    at /home/oddskj/webpack:/[name]/app/src/main-process/main.ts:719:55
    at Object.<anonymous> (/home/oddskj/webpack:/[name]/app/src/main-process/main.ts:719:55)
    at Module._compile (node:internal/modules/cjs/loader:1116:14)
    at Object.Module._extensions..js (node:internal/modules/cjs/loader:1169:10)
    at Module.load (node:internal/modules/cjs/loader:988:32)
    at Module._load (node:internal/modules/cjs/loader:829:12)
    at Function.c._load (node:electron/js2c/asar_bundle:5:13331)
2022-10-26T10:44:38.742Z - error: [main] Error looking for toast activator CLSID in shortcut /home/oddskj/Desktop/GitHub Desktop.lnk
TypeError: i.shell.readShortcutLink is not a function
    at Q (/home/oddskj/webpack:/[name]/app/src/lib/find-toast-activator-clsid.ts:38:29)
    at /home/oddskj/webpack:/[name]/app/src/lib/find-toast-activator-clsid.ts:26:33
    at /home/oddskj/webpack:/[name]/app/src/main-process/notifications.ts:23:32
    at /home/oddskj/webpack:/[name]/app/src/main-process/main.ts:719:55
    at Object.<anonymous> (/home/oddskj/webpack:/[name]/app/src/main-process/main.ts:719:55)
    at Module._compile (node:internal/modules/cjs/loader:1116:14)
    at Object.Module._extensions..js (node:internal/modules/cjs/loader:1169:10)
    at Module.load (node:internal/modules/cjs/loader:988:32)
    at Module._load (node:internal/modules/cjs/loader:829:12)
    at Function.c._load (node:electron/js2c/asar_bundle:5:13331)
2022-10-26T10:44:38.743Z - error: [main] Toast activator CLSID not found in any of the shortucts. Falling back to known CLSIDs.
2022-10-26T10:44:38.743Z - info: [main] Using toast activator CLSID {27D44D0C-A542-5B90-BCDB-AC3126048BA2}
2022-10-26T10:44:39.214Z - info: [ui] [AppStore] loading 4 repositories from store
2022-10-26T10:44:39.215Z - info: [ui] [AppStore] found account: oddskj (oddskj)
2022-10-26T10:44:40.086Z - info: [ui] Subscribed 'oddskj' to Alive channel
2022-10-26T10:44:40.092Z - info: [ui] launching: 3.0.5-linux1 (Linux 5.19.16-200.fc36.x86_64)
2022-10-26T10:44:40.093Z - info: [ui] execPath: '/usr/lib/github-desktop/github-desktop'
2022-10-26T10:44:40.453Z - info: [ui] [BranchPruner] Last prune took place 1 second ago - skipping
2022-10-26T10:44:40.574Z - info: [ui] Stats reported.
